<?xml version="1.0" encoding="UTF-8"?>
<!-- Generated by org.testng.reporters.JUnitXMLReporter -->
<testsuite ignored="0" hostname="DESKTOP-KO6OCH7" failures="1" tests="1" name="Test" time="231.249" errors="0" timestamp="2023-07-09T00:13:55 IST">
  <testcase classname="campaign.GenericCreatingCampaignTest" name="genericCreatingCampaignTest" time="51.975">
    <failure type="java.lang.AssertionError" message="expected [false] but found [true]">
      <![CDATA[java.lang.AssertionError: expected [false] but found [true]
at campaign.GenericCreatingCampaignTest.genericCreatingCampaignTest(GenericCreatingCampaignTest.java:44)
at java.base/java.util.ArrayList.forEach(ArrayList.java:1511)
... Removed 33 stack frames]]>
    </failure>
  </testcase> <!-- genericCreatingCampaignTest -->
</testsuite> <!-- Test -->
