<?xml version="1.0" encoding="UTF-8"?>
<testng-results ignored="0" total="1" passed="0" failed="1" skipped="0">
  <reporter-output>
  </reporter-output>
  <suite started-at="2023-07-09T00:10:03 IST" name="Suite" finished-at="2023-07-09T00:13:54 IST" duration-ms="231249">
    <groups>
    </groups>
    <test started-at="2023-07-09T00:10:03 IST" name="Test" finished-at="2023-07-09T00:13:54 IST" duration-ms="231249">
      <class name="campaign.GenericCreatingCampaignTest">
        <test-method is-config="true" signature="beforeSuite()[pri:0, instance:campaign.GenericCreatingCampaignTest@4d5b6aac]" started-at="2023-07-09T00:10:03 IST" name="beforeSuite" finished-at="2023-07-09T00:10:03 IST" duration-ms="13" status="PASS">
          <reporter-output>
          </reporter-output>
        </test-method> <!-- beforeSuite -->
        <test-method is-config="true" signature="beforeTest()[pri:0, instance:campaign.GenericCreatingCampaignTest@4d5b6aac]" started-at="2023-07-09T00:10:07 IST" name="beforeTest" finished-at="2023-07-09T00:10:07 IST" duration-ms="1" status="PASS">
          <reporter-output>
          </reporter-output>
        </test-method> <!-- beforeTest -->
        <test-method is-config="true" signature="beforeClass()[pri:0, instance:campaign.GenericCreatingCampaignTest@4d5b6aac]" started-at="2023-07-09T00:10:07 IST" name="beforeClass" finished-at="2023-07-09T00:12:05 IST" duration-ms="117668" status="PASS">
          <reporter-output>
          </reporter-output>
        </test-method> <!-- beforeClass -->
        <test-method is-config="true" signature="beforeMethod()[pri:0, instance:campaign.GenericCreatingCampaignTest@4d5b6aac]" started-at="2023-07-09T00:12:05 IST" name="beforeMethod" finished-at="2023-07-09T00:12:51 IST" duration-ms="45893" status="PASS">
          <reporter-output>
          </reporter-output>
        </test-method> <!-- beforeMethod -->
        <test-method signature="genericCreatingCampaignTest()[pri:0, instance:campaign.GenericCreatingCampaignTest@4d5b6aac]" started-at="2023-07-09T00:12:51 IST" name="genericCreatingCampaignTest" finished-at="2023-07-09T00:13:43 IST" duration-ms="51975" status="FAIL">
          <exception class="java.lang.AssertionError">
            <message>
              <![CDATA[expected [false] but found [true]]]>
            </message>
            <full-stacktrace>
              <![CDATA[java.lang.AssertionError: expected [false] but found [true]
at org.testng.Assert.fail(Assert.java:99)
at org.testng.Assert.failNotEquals(Assert.java:1037)
at org.testng.Assert.assertEqualsImpl(Assert.java:140)
at org.testng.Assert.assertEquals(Assert.java:122)
at org.testng.Assert.assertEquals(Assert.java:819)
at org.testng.Assert.assertEquals(Assert.java:829)
at campaign.GenericCreatingCampaignTest.genericCreatingCampaignTest(GenericCreatingCampaignTest.java:44)
at java.base/jdk.internal.reflect.NativeMethodAccessorImpl.invoke0(Native Method)
at java.base/jdk.internal.reflect.NativeMethodAccessorImpl.invoke(NativeMethodAccessorImpl.java:77)
at java.base/jdk.internal.reflect.DelegatingMethodAccessorImpl.invoke(DelegatingMethodAccessorImpl.java:43)
at java.base/java.lang.reflect.Method.invoke(Method.java:568)
at org.testng.internal.MethodInvocationHelper.invokeMethod(MethodInvocationHelper.java:132)
at org.testng.internal.TestInvoker.invokeMethod(TestInvoker.java:599)
at org.testng.internal.TestInvoker.invokeTestMethod(TestInvoker.java:174)
at org.testng.internal.MethodRunner.runInSequence(MethodRunner.java:46)
at org.testng.internal.TestInvoker$MethodInvocationAgent.invoke(TestInvoker.java:822)
at org.testng.internal.TestInvoker.invokeTestMethods(TestInvoker.java:147)
at org.testng.internal.TestMethodWorker.invokeTestMethods(TestMethodWorker.java:146)
at org.testng.internal.TestMethodWorker.run(TestMethodWorker.java:128)
at java.base/java.util.ArrayList.forEach(ArrayList.java:1511)
at org.testng.TestRunner.privateRun(TestRunner.java:764)
at org.testng.TestRunner.run(TestRunner.java:585)
at org.testng.SuiteRunner.runTest(SuiteRunner.java:384)
at org.testng.SuiteRunner.runSequentially(SuiteRunner.java:378)
at org.testng.SuiteRunner.privateRun(SuiteRunner.java:337)
at org.testng.SuiteRunner.run(SuiteRunner.java:286)
at org.testng.SuiteRunnerWorker.runSuite(SuiteRunnerWorker.java:53)
at org.testng.SuiteRunnerWorker.run(SuiteRunnerWorker.java:96)
at org.testng.TestNG.runSuitesSequentially(TestNG.java:1218)
at org.testng.TestNG.runSuitesLocally(TestNG.java:1140)
at org.testng.TestNG.runSuites(TestNG.java:1069)
at org.testng.TestNG.run(TestNG.java:1037)
at org.testng.remote.AbstractRemoteTestNG.run(AbstractRemoteTestNG.java:115)
at org.testng.remote.RemoteTestNG.initAndRun(RemoteTestNG.java:251)
at org.testng.remote.RemoteTestNG.main(RemoteTestNG.java:77)
]]>
            </full-stacktrace>
          </exception> <!-- java.lang.AssertionError -->
          <reporter-output>
          </reporter-output>
        </test-method> <!-- genericCreatingCampaignTest -->
        <test-method is-config="true" signature="afterMethod()[pri:0, instance:campaign.GenericCreatingCampaignTest@4d5b6aac]" started-at="2023-07-09T00:13:45 IST" name="afterMethod" finished-at="2023-07-09T00:13:51 IST" duration-ms="5874" status="PASS">
          <reporter-output>
          </reporter-output>
        </test-method> <!-- afterMethod -->
        <test-method is-config="true" signature="afterClass()[pri:0, instance:campaign.GenericCreatingCampaignTest@4d5b6aac]" started-at="2023-07-09T00:13:51 IST" name="afterClass" finished-at="2023-07-09T00:13:54 IST" duration-ms="3559" status="PASS">
          <reporter-output>
          </reporter-output>
        </test-method> <!-- afterClass -->
        <test-method is-config="true" signature="afterTest()[pri:0, instance:campaign.GenericCreatingCampaignTest@4d5b6aac]" started-at="2023-07-09T00:13:54 IST" name="afterTest" finished-at="2023-07-09T00:13:54 IST" duration-ms="0" status="PASS">
          <reporter-output>
          </reporter-output>
        </test-method> <!-- afterTest -->
        <test-method is-config="true" signature="afterSuite()[pri:0, instance:campaign.GenericCreatingCampaignTest@4d5b6aac]" started-at="2023-07-09T00:13:56 IST" name="afterSuite" finished-at="2023-07-09T00:13:56 IST" duration-ms="1" status="PASS">
          <reporter-output>
          </reporter-output>
        </test-method> <!-- afterSuite -->
      </class> <!-- campaign.GenericCreatingCampaignTest -->
    </test> <!-- Test -->
  </suite> <!-- Suite -->
</testng-results>
